Polisocial/Polisocial/proguard/seeds.txt
it.polimi.dima.polisocial.AuthorizationFoursquareActivity
it.polimi.dima.polisocial.AuthorizationFoursquareActivity: AuthorizationFoursquareActivity()
it.polimi.dima.polisocial.EditProfileFieldActivity
it.polimi.dima.polisocial.EditProfileFieldActivity: EditProfileFieldActivity()
it.polimi.dima.polisocial.ErrorGcmActivity
it.polimi.dima.polisocial.ErrorGcmActivity: ErrorGcmActivity()
it.polimi.dima.polisocial.FullScreenPicActivity
it.polimi.dima.polisocial.FullScreenPicActivity: FullScreenPicActivity()
it.polimi.dima.polisocial.GCMActivity
it.polimi.dima.polisocial.GCMActivity: GCMActivity()
it.polimi.dima.polisocial.GCMActivity$State: it.polimi.dima.polisocial.GCMActivity$State[] values()
it.polimi.dima.polisocial.GCMActivity$State: it.polimi.dima.polisocial.GCMActivity$State valueOf(java.lang.String)
it.polimi.dima.polisocial.GCMIntentService
it.polimi.dima.polisocial.GCMIntentService: GCMIntentService()
it.polimi.dima.polisocial.LoginActivity
it.polimi.dima.polisocial.LoginActivity: LoginActivity()
it.polimi.dima.polisocial.LoginActivity: void goToRegistrationScreen(android.view.View)
it.polimi.dima.polisocial.OAuthAccessActivity
it.polimi.dima.polisocial.OAuthAccessActivity: OAuthAccessActivity()
it.polimi.dima.polisocial.PreferencesActivity
it.polimi.dima.polisocial.PreferencesActivity: PreferencesActivity()
it.polimi.dima.polisocial.ProfileActivity
it.polimi.dima.polisocial.ProfileActivity: ProfileActivity()
it.polimi.dima.polisocial.R$anim: int abc_fade_in
it.polimi.dima.polisocial.R$anim: int abc_fade_out
it.polimi.dima.polisocial.R$anim: int abc_slide_in_bottom
it.polimi.dima.polisocial.R$anim: int abc_slide_in_top
it.polimi.dima.polisocial.R$anim: int abc_slide_out_bottom
it.polimi.dima.polisocial.R$anim: int abc_slide_out_top
it.polimi.dima.polisocial.R$anim: int left_in
it.polimi.dima.polisocial.R$anim: int left_out
it.polimi.dima.polisocial.R$anim: int right_in
it.polimi.dima.polisocial.R$anim: int right_out
it.polimi.dima.polisocial.R$anim: int scale_anim
it.polimi.dima.polisocial.R$array: int book_faculty_arrays
it.polimi.dima.polisocial.R$array: int category_arrays
it.polimi.dima.polisocial.R$array: int event_category_arrays
it.polimi.dima.polisocial.R$attr: int SwipeBackLayoutStyle
it.polimi.dima.polisocial.R$attr: int actionBarDivider
it.polimi.dima.polisocial.R$attr: int actionBarItemBackground
it.polimi.dima.polisocial.R$attr: int actionBarSize
it.polimi.dima.polisocial.R$attr: int actionBarSplitStyle
it.polimi.dima.polisocial.R$attr: int actionBarStyle
it.polimi.dima.polisocial.R$attr: int actionBarTabBarStyle
it.polimi.dima.polisocial.R$attr: int actionBarTabStyle
it.polimi.dima.polisocial.R$attr: int actionBarTabTextStyle
it.polimi.dima.polisocial.R$attr: int actionBarWidgetTheme
it.polimi.dima.polisocial.R$attr: int actionButtonStyle
it.polimi.dima.polisocial.R$attr: int actionDropDownStyle
it.polimi.dima.polisocial.R$attr: int actionLayout
it.polimi.dima.polisocial.R$attr: int actionMenuTextAppearance
it.polimi.dima.polisocial.R$attr: int actionMenuTextColor
it.polimi.dima.polisocial.R$attr: int actionModeBackground
it.polimi.dima.polisocial.R$attr: int actionModeCloseButtonStyle
it.polimi.dima.polisocial.R$attr: int actionModeCloseDrawable
it.polimi.dima.polisocial.R$attr: int actionModeCopyDrawable
it.polimi.dima.polisocial.R$attr: int actionModeCutDrawable
it.polimi.dima.polisocial.R$attr: int actionModeFindDrawable
it.polimi.dima.polisocial.R$attr: int actionModePasteDrawable
it.polimi.dima.polisocial.R$attr: int actionModePopupWindowStyle
it.polimi.dima.polisocial.R$attr: int actionModeSelectAllDrawable
it.polimi.dima.polisocial.R$attr: int actionModeShareDrawable
...
com.google.android.gms.internal.nz$b$a
com.google.android.gms.internal.nz$b$b
com.google.android.gms.internal.nz$c
com.google.android.gms.internal.nz$d
com.google.android.gms.internal.nz$f
com.google.android.gms.internal.nz$g
com.google.android.gms.internal.nz$h
com.google.android.gms.internal.on
com.google.android.gms.internal.on: android.os.Parcelable$Creator CREATOR
com.google.android.gms.internal.op
com.google.android.gms.internal.op: android.os.Parcelable$Creator CREATOR
com.google.android.gms.internal.x
com.google.android.gms.location.ActivityRecognitionResult
com.google.android.gms.location.DetectedActivity
com.google.android.gms.location.LocationRequest
com.google.android.gms.location.c
com.google.android.gms.maps.GoogleMapOptions
com.google.android.gms.maps.MapFragment
com.google.android.gms.maps.MapFragment: MapFragment()
com.google.android.gms.maps.MapView
com.google.android.gms.maps.MapView: MapView(android.content.Context)
com.google.android.gms.maps.MapView: MapView(android.content.Context,android.util.AttributeSet)
com.google.android.gms.maps.MapView: MapView(android.content.Context,android.util.AttributeSet,int)
com.google.android.gms.maps.MapView: MapView(android.content.Context,com.google.android.gms.maps.GoogleMapOptions)
com.google.android.gms.maps.MapView: com.google.android.gms.maps.GoogleMap getMap()
com.google.android.gms.maps.StreetViewPanoramaOptions
com.google.android.gms.maps.StreetViewPanoramaView: com.google.android.gms.maps.StreetViewPanorama getStreetViewPanorama()
com.google.android.gms.maps.model.CameraPosition
com.google.android.gms.maps.model.CircleOptions
com.google.android.gms.maps.model.GroundOverlayOptions
com.google.android.gms.maps.model.LatLng
com.google.android.gms.maps.model.LatLngBounds
com.google.android.gms.maps.model.MarkerOptions
com.google.android.gms.maps.model.PolygonOptions
com.google.android.gms.maps.model.PolylineOptions
com.google.android.gms.maps.model.StreetViewPanoramaCamera
com.google.android.gms.maps.model.StreetViewPanoramaLink
com.google.android.gms.maps.model.StreetViewPanoramaLocation
com.google.android.gms.maps.model.StreetViewPanoramaOrientation
com.google.android.gms.maps.model.Tile
com.google.android.gms.maps.model.TileOverlayOptions
com.google.android.gms.maps.model.VisibleRegion
com.google.android.gms.plus.PlusOneButton: void setOnPlusOneClickListener(com.google.android.gms.plus.PlusOneButton$OnPlusOneClickListener)
com.google.android.gms.plus.PlusOneButton: void setAnnotation(int)
com.google.android.gms.plus.PlusOneButton: void setSize(int)
com.google.android.gms.plus.internal.PlusCommonExtras
com.google.android.gms.plus.internal.h
com.google.android.gms.tagmanager.az$a: com.google.android.gms.tagmanager.az$a[] values()
com.google.android.gms.tagmanager.az$a: com.google.android.gms.tagmanager.az$a valueOf(java.lang.String)
com.google.android.gms.tagmanager.bg$a: com.google.android.gms.tagmanager.bg$a[] values()
com.google.android.gms.tagmanager.bg$a: com.google.android.gms.tagmanager.bg$a valueOf(java.lang.String)
com.google.android.gms.tagmanager.ce$a: com.google.android.gms.tagmanager.ce$a[] values()
com.google.android.gms.tagmanager.ce$a: com.google.android.gms.tagmanager.ce$a valueOf(java.lang.String)
com.google.android.gms.wallet.Address
com.google.android.gms.wallet.Address: android.os.Parcelable$Creator CREATOR
com.google.android.gms.wallet.Cart
com.google.android.gms.wallet.Cart: android.os.Parcelable$Creator CREATOR
com.google.android.gms.wallet.CountrySpecification
com.google.android.gms.wallet.CountrySpecification: android.os.Parcelable$Creator CREATOR
com.google.android.gms.wallet.FullWallet
com.google.android.gms.wallet.FullWallet: android.os.Parcelable$Creator CREATOR
com.google.android.gms.wallet.FullWalletRequest
com.google.android.gms.wallet.FullWalletRequest: android.os.Parcelable$Creator CREATOR
com.google.android.gms.wallet.InstrumentInfo
com.google.android.gms.wallet.InstrumentInfo: android.os.Parcelable$Creator CREATOR