Polisocial/Polisocial/proguard/mapping.txt
it.polimi.dima.polisocial.AuthorizationFoursquareActivity -> it.polimi.dima.polisocial.AuthorizationFoursquareActivity:
    it.polimi.dima.polisocial.AuthorizationFoursquareActivity$TokenFoursquareRequestTask tokenTask -> a
    it.polimi.dima.polisocial.utilClasses.SessionManager sessionManager -> b
    void onCreate(android.os.Bundle) -> onCreate
    boolean onCreateOptionsMenu(android.view.Menu) -> onCreateOptionsMenu
    boolean onOptionsItemSelected(android.view.MenuItem) -> onOptionsItemSelected
    void onTokenComplete(java.lang.String) -> a
it.polimi.dima.polisocial.AuthorizationFoursquareActivity$TokenFoursquareRequestTask -> it.polimi.dima.polisocial.a:
    it.polimi.dima.polisocial.AuthorizationFoursquareActivity mActivity -> b
    it.polimi.dima.polisocial.AuthorizationFoursquareActivity this$0 -> a
    java.lang.Void doInBackground(java.lang.String[]) -> a
    java.lang.Object doInBackground(java.lang.Object[]) -> doInBackground
it.polimi.dima.polisocial.CloudEndpointUtils -> it.polimi.dima.polisocial.b:
    com.google.api.client.googleapis.services.AbstractGoogleClient$Builder updateBuilder(com.google.api.client.googleapis.services.AbstractGoogleClient$Builder) -> a
it.polimi.dima.polisocial.CloudEndpointUtils$1 -> it.polimi.dima.polisocial.c:
    boolean val$enableGZip -> a
    void initialize(com.google.api.client.googleapis.services.AbstractGoogleClientRequest) -> a
it.polimi.dima.polisocial.EditProfileFieldActivity -> it.polimi.dima.polisocial.EditProfileFieldActivity:
    it.polimi.dima.polisocial.utilClasses.SessionManager sessionManager -> a
    android.view.View mProgressView -> b
    android.view.View mEditForm -> c
    java.lang.String fieldType -> d
    android.widget.EditText editField -> e
    void onCreate(android.os.Bundle) -> onCreate
    boolean onCreateOptionsMenu(android.view.Menu) -> onCreateOptionsMenu
    boolean onOptionsItemSelected(android.view.MenuItem) -> onOptionsItemSelected
    void showProgress(boolean) -> a
it.polimi.dima.polisocial.EditProfileFieldActivity$1 -> it.polimi.dima.polisocial.d:
    it.polimi.dima.polisocial.EditProfileFieldActivity this$0 -> a
    boolean val$show -> b
    void onAnimationEnd(android.animation.Animator) -> onAnimationEnd
it.polimi.dima.polisocial.EditProfileFieldActivity$2 -> it.polimi.dima.polisocial.e:
    it.polimi.dima.polisocial.EditProfileFieldActivity this$0 -> a
    boolean val$show -> b
    void onAnimationEnd(android.animation.Animator) -> onAnimationEnd
it.polimi.dima.polisocial.ErrorGcmActivity -> it.polimi.dima.polisocial.ErrorGcmActivity:
    void onCreate(android.os.Bundle) -> onCreate
    boolean onCreateOptionsMenu(android.view.Menu) -> onCreateOptionsMenu
    boolean onOptionsItemSelected(android.view.MenuItem) -> onOptionsItemSelected
    void onNewIntent(android.content.Intent) -> onNewIntent
    void showDialog(java.lang.String) -> a
it.polimi.dima.polisocial.ErrorGcmActivity$1 -> it.polimi.dima.polisocial.f:
    it.polimi.dima.polisocial.ErrorGcmActivity this$0 -> a
    void onClick(android.content.DialogInterface,int) -> onClick
it.polimi.dima.polisocial.FullScreenPicActivity -> it.polimi.dima.polisocial.FullScreenPicActivity:
    it.polimi.dima.polisocial.util.SystemUiHider mSystemUiHider -> d
    android.view.View$OnTouchListener mDelayHideTouchListener -> a
    android.os.Handler mHideHandler -> b
    java.lang.Runnable mHideRunnable -> c
    void onCreate(android.os.Bundle) -> onCreate
    void onPostCreate(android.os.Bundle) -> onPostCreate
    void delayedHide(int) -> a
    void access$0(it.polimi.dima.polisocial.FullScreenPicActivity,int) -> a
    it.polimi.dima.polisocial.util.SystemUiHider access$1(it.polimi.dima.polisocial.FullScreenPicActivity) -> a
it.polimi.dima.polisocial.FullScreenPicActivity$1 -> it.polimi.dima.polisocial.g:
    it.polimi.dima.polisocial.FullScreenPicActivity this$0 -> a
    boolean onTouch(android.view.View,android.view.MotionEvent) -> onTouch
...
com.google.android.gms.drive.query.internal.HasFilter -> com.google.android.gms.drive.query.internal.HasFilter:
    com.google.android.gms.drive.query.internal.g CREATOR -> a
    com.google.android.gms.drive.metadata.internal.MetadataBundle QL -> b
    int BR -> c
    com.google.android.gms.drive.metadata.MetadataField QM -> d
    java.lang.Object a(com.google.android.gms.drive.query.internal.f) -> a
    java.lang.Object getValue() -> a
    int describeContents() -> describeContents
    void writeToParcel(android.os.Parcel,int) -> writeToParcel
com.google.android.gms.drive.query.internal.InFilter -> com.google.android.gms.drive.query.internal.InFilter:
    com.google.android.gms.drive.query.internal.h CREATOR -> a
    com.google.android.gms.drive.metadata.internal.MetadataBundle QL -> b
    int BR -> c
    com.google.android.gms.drive.metadata.b QW -> d
    java.lang.Object a(com.google.android.gms.drive.query.internal.f) -> a
    java.lang.Object getValue() -> a
    int describeContents() -> describeContents
    void writeToParcel(android.os.Parcel,int) -> writeToParcel
com.google.android.gms.drive.query.internal.LogicalFilter -> com.google.android.gms.drive.query.internal.LogicalFilter:
    android.os.Parcelable$Creator CREATOR -> CREATOR
    com.google.android.gms.drive.query.internal.Operator QK -> a
    java.util.List QX -> b
    int BR -> c
    java.lang.Object a(com.google.android.gms.drive.query.internal.f) -> a
    int describeContents() -> describeContents
    void writeToParcel(android.os.Parcel,int) -> writeToParcel
com.google.android.gms.drive.query.internal.MatchAllFilter -> com.google.android.gms.drive.query.internal.MatchAllFilter:
    com.google.android.gms.drive.query.internal.j CREATOR -> a
    int BR -> b
    java.lang.Object a(com.google.android.gms.drive.query.internal.f) -> a
    int describeContents() -> describeContents
    void writeToParcel(android.os.Parcel,int) -> writeToParcel
com.google.android.gms.drive.query.internal.NotFilter -> com.google.android.gms.drive.query.internal.NotFilter:
    android.os.Parcelable$Creator CREATOR -> CREATOR
    com.google.android.gms.drive.query.internal.FilterHolder QY -> a
    int BR -> b
    java.lang.Object a(com.google.android.gms.drive.query.internal.f) -> a
    int describeContents() -> describeContents
    void writeToParcel(android.os.Parcel,int) -> writeToParcel
com.google.android.gms.drive.query.internal.Operator -> com.google.android.gms.drive.query.internal.Operator:
    android.os.Parcelable$Creator CREATOR -> CREATOR
    com.google.android.gms.drive.query.internal.Operator QZ -> a
    com.google.android.gms.drive.query.internal.Operator Ra -> b
    com.google.android.gms.drive.query.internal.Operator Rb -> c
    com.google.android.gms.drive.query.internal.Operator Rc -> d
    com.google.android.gms.drive.query.internal.Operator Rd -> e
    com.google.android.gms.drive.query.internal.Operator Re -> f
    com.google.android.gms.drive.query.internal.Operator Rf -> g
    com.google.android.gms.drive.query.internal.Operator Rg -> h
    com.google.android.gms.drive.query.internal.Operator Rh -> i
    java.lang.String mTag -> j
    int BR -> k
    java.lang.String getTag() -> a
    int describeContents() -> describeContents
    void writeToParcel(android.os.Parcel,int) -> writeToParcel
    int hashCode() -> hashCode
    boolean equals(java.lang.Object) -> equals
com.google.android.gms.drive.query.internal.a -> com.google.android.gms.drive.query.internal.a:
    com.google.android.gms.drive.query.internal.ComparisonFilter aK(android.os.Parcel) -> a
    com.google.android.gms.drive.query.internal.ComparisonFilter[] bW(int) -> a
    void a(com.google.android.gms.drive.query.internal.ComparisonFilter,android.os.Parcel,int) -> a
    java.lang.Object[] newArray(int) -> newArray
    java.lang.Object createFromParcel(android.os.Parcel) -> createFromParcel