Polisocial/Polisocial/proguard/usage.txt
it.polimi.dima.polisocial.BuildConfig
it.polimi.dima.polisocial.CloudEndpointUtils:
    public static final boolean LOCAL_ANDROID_RUN
    public static final java.lang.String LOCAL_APP_ENGINE_SERVER_URL
    protected static final java.lang.String LOCAL_APP_ENGINE_SERVER_URL_FOR_ANDROID
    26:26:public CloudEndpointUtils()
    93:95:public static void logAndShow(android.app.Activity,java.lang.String,java.lang.String)
    109:121:public static void logAndShow(android.app.Activity,java.lang.String,java.lang.Throwable)
    132:140:public static void showError(android.app.Activity,java.lang.String)
it.polimi.dima.polisocial.CloudEndpointUtils$2
it.polimi.dima.polisocial.EditProfileFieldActivity$StoreNewProfileFieldContentTask
it.polimi.dima.polisocial.FullScreenPicActivity:
    private static final boolean AUTO_HIDE
    private static final int AUTO_HIDE_DELAY_MILLIS
    private static final boolean TOGGLE_ON_CLICK
    private static final int HIDER_FLAGS
it.polimi.dima.polisocial.GCMBroadcastReceiver
it.polimi.dima.polisocial.GCMIntentService:
    static final java.lang.String GROUP_KEY_SPOTTED
    static final java.lang.String GROUP_KEY_ANNOUNCEMENT
    static final java.lang.String GROUP_KEY_EVENT
    static final java.lang.String GROUP_KEY_HITON
    public static final java.lang.String PROJECT_NUMBER
    228:228:private java.lang.String getWebSampleUrl(java.lang.String)
it.polimi.dima.polisocial.LoginActivity$ProfileQuery:
    public static final int ADDRESS
    public static final int IS_PRIMARY
it.polimi.dima.polisocial.Manifest
it.polimi.dima.polisocial.Manifest$permission
it.polimi.dima.polisocial.OAuthAccessActivity:
    private static final int REQUEST_CODE_FSQ_CONNECT
    private static final int REQUEST_CODE_FSQ_TOKEN_EXCHANGE
    private static final java.lang.String CLIENT_ID
it.polimi.dima.polisocial.PreferencesActivity:
    48:52:public static void WriteBoolean(android.content.Context,java.lang.String,boolean)
it.polimi.dima.polisocial.ProfileActivity:
    private static final int RESULT_LOAD_PICTURE
it.polimi.dima.polisocial.R
it.polimi.dima.polisocial.R$anim
it.polimi.dima.polisocial.R$array
it.polimi.dima.polisocial.R$attr
it.polimi.dima.polisocial.R$bool
it.polimi.dima.polisocial.R$color
it.polimi.dima.polisocial.R$dimen
it.polimi.dima.polisocial.R$drawable
it.polimi.dima.polisocial.R$id
it.polimi.dima.polisocial.R$integer
it.polimi.dima.polisocial.R$layout
it.polimi.dima.polisocial.R$menu
it.polimi.dima.polisocial.R$string
it.polimi.dima.polisocial.R$style
it.polimi.dima.polisocial.R$styleable
it.polimi.dima.polisocial.RegistrationActivity:
    443:489:private int calculateAge(java.util.Date)
it.polimi.dima.polisocial.ShowRelatedCommentsActivity:
    196:197:private void loadData()
    525:535:android.view.View insertPhoto(java.lang.String)
it.polimi.dima.polisocial.adapter.CommentAdapter$CommentViewHolder:
    public int type
it.polimi.dima.polisocial.adapter.EndlessListAdapter:
    public abstract android.view.View getView(int,android.view.View,android.view.ViewGroup)
    public abstract int getItemViewType(int)
    public abstract int getViewTypeCount()
    65:65:public int getLoading_row()
it.polimi.dima.polisocial.adapter.UserAdapter:
    android.widget.TextView statusMsg
it.polimi.dima.polisocial.creationActivities.NewEventActivity:
    private static final int RESULT_LOAD_PICTURE
it.polimi.dima.polisocial.creationActivities.NewRentalActivity:
    private static final int RESULT_LOAD_PICTURE
    private static final java.lang.String LOG_TAG
    private static final java.lang.String PLACES_API_BASE
    private static final java.lang.String TYPE_AUTOCOMPLETE
    private static final java.lang.String OUT_JSON
    private static final java.lang.String API_KEY
it.polimi.dima.polisocial.creationActivities.NewSpottedPostActivity:
    private static final int RESULT_LOAD_PICTURE
...
com.google.gson.FieldNamingPolicy$3
com.google.gson.FieldNamingPolicy$4
com.google.gson.FieldNamingPolicy$5
com.google.gson.FieldNamingStrategy
com.google.gson.Gson
com.google.gson.Gson$1
com.google.gson.Gson$2
com.google.gson.Gson$3
com.google.gson.Gson$4
com.google.gson.Gson$5
com.google.gson.Gson$6
com.google.gson.Gson$7
com.google.gson.Gson$FutureTypeAdapter
com.google.gson.GsonBuilder
com.google.gson.InstanceCreator
com.google.gson.JsonArray
com.google.gson.JsonDeserializationContext
com.google.gson.JsonDeserializer
com.google.gson.JsonElement
com.google.gson.JsonIOException
com.google.gson.JsonNull
com.google.gson.JsonObject
com.google.gson.JsonParseException
com.google.gson.JsonParser
com.google.gson.JsonPrimitive
com.google.gson.JsonSerializationContext
com.google.gson.JsonSerializer
com.google.gson.JsonStreamParser
com.google.gson.JsonSyntaxException
com.google.gson.LongSerializationPolicy
com.google.gson.LongSerializationPolicy$1
com.google.gson.LongSerializationPolicy$2
com.google.gson.TreeTypeAdapter
com.google.gson.TreeTypeAdapter$1
com.google.gson.TreeTypeAdapter$SingleTypeFactory
com.google.gson.TypeAdapter
com.google.gson.TypeAdapter$1
com.google.gson.TypeAdapterFactory
com.google.gson.annotations.Expose
com.google.gson.annotations.SerializedName
com.google.gson.annotations.Since
com.google.gson.annotations.Until
com.google.gson.internal.$Gson$Preconditions
com.google.gson.internal.$Gson$Types
com.google.gson.internal.$Gson$Types$GenericArrayTypeImpl
com.google.gson.internal.$Gson$Types$ParameterizedTypeImpl
com.google.gson.internal.$Gson$Types$WildcardTypeImpl
com.google.gson.internal.ConstructorConstructor
com.google.gson.internal.ConstructorConstructor$1
com.google.gson.internal.ConstructorConstructor$2
com.google.gson.internal.ConstructorConstructor$3
com.google.gson.internal.ConstructorConstructor$4
com.google.gson.internal.ConstructorConstructor$5
com.google.gson.internal.ConstructorConstructor$6
com.google.gson.internal.ConstructorConstructor$7
com.google.gson.internal.ConstructorConstructor$8
com.google.gson.internal.Excluder
com.google.gson.internal.Excluder$1
com.google.gson.internal.GsonInternalAccess
com.google.gson.internal.JsonReaderInternalAccess
com.google.gson.internal.LazilyParsedNumber
com.google.gson.internal.ObjectConstructor
com.google.gson.internal.Pair
com.google.gson.internal.Primitives
com.google.gson.internal.Streams
com.google.gson.internal.Streams$1
com.google.gson.internal.Streams$AppendableWriter
com.google.gson.internal.Streams$AppendableWriter$CurrentWrite
com.google.gson.internal.UnsafeAllocator
com.google.gson.internal.UnsafeAllocator$1
com.google.gson.internal.UnsafeAllocator$2
com.google.gson.internal.UnsafeAllocator$3
com.google.gson.internal.UnsafeAllocator$4
com.google.gson.internal.bind.ArrayTypeAdapter
com.google.gson.internal.bind.ArrayTypeAdapter$1
com.google.gson.internal.bind.BigDecimalTypeAdapter
com.google.gson.internal.bind.BigIntegerTypeAdapter
com.google.gson.internal.bind.CollectionTypeAdapterFactory
com.google.gson.internal.bind.CollectionTypeAdapterFactory$Adapter
com.google.gson.internal.bind.DateTypeAdapter
com.google.gson.internal.bind.DateTypeAdapter$1
com.google.gson.internal.bind.JsonTreeReader
com.google.gson.internal.bind.JsonTreeReader$1
com.google.gson.internal.bind.JsonTreeWriter
com.google.gson.internal.bind.JsonTreeWriter$1
com.google.gson.internal.bind.MapTypeAdapterFactory
com.google.gson.internal.bind.MapTypeAdapterFactory$Adapter
com.google.gson.internal.bind.ObjectTypeAdapter
com.google.gson.internal.bind.ObjectTypeAdapter$1
com.google.gson.internal.bind.ObjectTypeAdapter$2
com.google.gson.internal.bind.ReflectiveTypeAdapterFactory
com.google.gson.internal.bind.ReflectiveTypeAdapterFactory$1
com.google.gson.internal.bind.ReflectiveTypeAdapterFactory$Adapter
com.google.gson.internal.bind.ReflectiveTypeAdapterFactory$BoundField
com.google.gson.internal.bind.SqlDateTypeAdapter
com.google.gson.internal.bind.SqlDateTypeAdapter$1